{"contracts/NftMarketplace.sol":{"l":{"49":13,"50":13,"51":1,"53":12,"57":9,"58":9,"59":3,"61":6,"69":17,"70":17,"71":17,"72":3,"74":14,"91":11,"92":0,"94":11,"95":11,"96":1,"98":10,"99":10,"112":1,"113":1,"134":3,"135":3,"136":1,"138":2,"141":2,"142":2,"143":2,"158":1,"159":0,"161":1,"162":1,"169":2,"170":2,"171":1,"173":1,"174":1,"175":1,"187":3,"191":2},"path":"/home/nait/IT/chain/nftsmarketplace/contracts/NftMarketplace.sol","s":{"1":13,"2":13,"3":9,"4":9,"5":17,"6":17,"7":17,"8":11,"9":11,"10":11,"11":10,"12":1,"13":3,"14":3,"15":2,"16":2,"17":1,"18":1,"19":2,"20":2,"21":1,"22":1,"23":3,"24":2},"b":{"1":[1,12],"2":[3,6],"3":[3,14],"4":[12,1],"5":[11,1],"6":[0,11],"7":[1,10],"8":[2,1],"9":[1,1],"10":[3,1],"11":[3,0],"12":[1,2],"13":[2,1],"14":[2,0],"15":[1,1],"16":[0,1],"17":[1,1],"18":[1,0]},"f":{"1":13,"2":9,"3":17,"4":11,"5":1,"6":3,"7":1,"8":2,"9":3,"10":2},"fnMap":{"1":{"name":"notListed","line":44,"loc":{"start":{"line":44,"column":4},"end":{"line":54,"column":4}}},"2":{"name":"isListed","line":56,"loc":{"start":{"line":56,"column":4},"end":{"line":62,"column":4}}},"3":{"name":"isOwner","line":64,"loc":{"start":{"line":64,"column":4},"end":{"line":75,"column":4}}},"4":{"name":"listItem","line":90,"loc":{"start":{"line":86,"column":4},"end":{"line":100,"column":4}}},"5":{"name":"cancelListing","line":110,"loc":{"start":{"line":107,"column":4},"end":{"line":114,"column":4}}},"6":{"name":"buyItem","line":128,"loc":{"start":{"line":124,"column":4},"end":{"line":144,"column":4}}},"7":{"name":"updateListing","line":156,"loc":{"start":{"line":152,"column":4},"end":{"line":163,"column":4}}},"8":{"name":"withdrawProceeds","line":168,"loc":{"start":{"line":168,"column":4},"end":{"line":176,"column":4}}},"9":{"name":"getListing","line":182,"loc":{"start":{"line":182,"column":4},"end":{"line":188,"column":4}}},"10":{"name":"getProceeds","line":190,"loc":{"start":{"line":190,"column":4},"end":{"line":192,"column":4}}}},"statementMap":{"1":{"start":{"line":49,"column":8},"end":{"line":49,"column":64}},"2":{"start":{"line":50,"column":8},"end":{"line":50,"column":1558}},"3":{"start":{"line":57,"column":8},"end":{"line":57,"column":64}},"4":{"start":{"line":58,"column":8},"end":{"line":58,"column":1801}},"5":{"start":{"line":69,"column":8},"end":{"line":69,"column":41}},"6":{"start":{"line":70,"column":8},"end":{"line":70,"column":44}},"7":{"start":{"line":71,"column":8},"end":{"line":71,"column":2110}},"8":{"start":{"line":91,"column":8},"end":{"line":91,"column":2662}},"9":{"start":{"line":94,"column":8},"end":{"line":94,"column":41}},"10":{"start":{"line":95,"column":8},"end":{"line":95,"column":2784}},"11":{"start":{"line":99,"column":8},"end":{"line":99,"column":63}},"12":{"start":{"line":113,"column":8},"end":{"line":113,"column":58}},"13":{"start":{"line":134,"column":8},"end":{"line":134,"column":67}},"14":{"start":{"line":135,"column":8},"end":{"line":135,"column":4294}},"15":{"start":{"line":142,"column":8},"end":{"line":142,"column":83}},"16":{"start":{"line":143,"column":8},"end":{"line":143,"column":74}},"17":{"start":{"line":158,"column":8},"end":{"line":158,"column":5322}},"18":{"start":{"line":162,"column":8},"end":{"line":162,"column":66}},"19":{"start":{"line":169,"column":8},"end":{"line":169,"column":49}},"20":{"start":{"line":170,"column":8},"end":{"line":170,"column":5704}},"21":{"start":{"line":174,"column":8},"end":{"line":174,"column":72}},"22":{"start":{"line":175,"column":8},"end":{"line":175,"column":42}},"23":{"start":{"line":187,"column":8},"end":{"line":187,"column":46}},"24":{"start":{"line":191,"column":8},"end":{"line":191,"column":33}}},"branchMap":{"1":{"line":50,"type":"if","locations":[{"start":{"line":50,"column":8},"end":{"line":50,"column":8}},{"start":{"line":50,"column":8},"end":{"line":50,"column":8}}]},"2":{"line":58,"type":"if","locations":[{"start":{"line":58,"column":8},"end":{"line":58,"column":8}},{"start":{"line":58,"column":8},"end":{"line":58,"column":8}}]},"3":{"line":71,"type":"if","locations":[{"start":{"line":71,"column":8},"end":{"line":71,"column":8}},{"start":{"line":71,"column":8},"end":{"line":71,"column":8}}]},"4":{"line":90,"type":"if","locations":[{"start":{"line":90,"column":15},"end":{"line":90,"column":15}},{"start":{"line":90,"column":15},"end":{"line":90,"column":15}}]},"5":{"line":90,"type":"if","locations":[{"start":{"line":90,"column":58},"end":{"line":90,"column":58}},{"start":{"line":90,"column":58},"end":{"line":90,"column":58}}]},"6":{"line":91,"type":"if","locations":[{"start":{"line":91,"column":8},"end":{"line":91,"column":8}},{"start":{"line":91,"column":8},"end":{"line":91,"column":8}}]},"7":{"line":95,"type":"if","locations":[{"start":{"line":95,"column":8},"end":{"line":95,"column":8}},{"start":{"line":95,"column":8},"end":{"line":95,"column":8}}]},"8":{"line":109,"type":"if","locations":[{"start":{"line":109,"column":8},"end":{"line":109,"column":8}},{"start":{"line":109,"column":8},"end":{"line":109,"column":8}}]},"9":{"line":110,"type":"if","locations":[{"start":{"line":110,"column":8},"end":{"line":110,"column":8}},{"start":{"line":110,"column":8},"end":{"line":110,"column":8}}]},"10":{"line":127,"type":"if","locations":[{"start":{"line":127,"column":8},"end":{"line":127,"column":8}},{"start":{"line":127,"column":8},"end":{"line":127,"column":8}}]},"11":{"line":128,"type":"if","locations":[{"start":{"line":128,"column":8},"end":{"line":128,"column":8}},{"start":{"line":128,"column":8},"end":{"line":128,"column":8}}]},"12":{"line":135,"type":"if","locations":[{"start":{"line":135,"column":8},"end":{"line":135,"column":8}},{"start":{"line":135,"column":8},"end":{"line":135,"column":8}}]},"13":{"line":156,"type":"if","locations":[{"start":{"line":156,"column":15},"end":{"line":156,"column":15}},{"start":{"line":156,"column":15},"end":{"line":156,"column":15}}]},"14":{"line":156,"type":"if","locations":[{"start":{"line":156,"column":45},"end":{"line":156,"column":45}},{"start":{"line":156,"column":45},"end":{"line":156,"column":45}}]},"15":{"line":156,"type":"if","locations":[{"start":{"line":156,"column":58},"end":{"line":156,"column":58}},{"start":{"line":156,"column":58},"end":{"line":156,"column":58}}]},"16":{"line":158,"type":"if","locations":[{"start":{"line":158,"column":8},"end":{"line":158,"column":8}},{"start":{"line":158,"column":8},"end":{"line":158,"column":8}}]},"17":{"line":170,"type":"if","locations":[{"start":{"line":170,"column":8},"end":{"line":170,"column":8}},{"start":{"line":170,"column":8},"end":{"line":170,"column":8}}]},"18":{"line":175,"type":"if","locations":[{"start":{"line":175,"column":8},"end":{"line":175,"column":8}},{"start":{"line":175,"column":8},"end":{"line":175,"column":8}}]}}},"contracts/test/BasicNft.sol":{"l":{"14":3,"18":15,"19":15,"20":15,"24":0,"25":0,"29":0},"path":"/home/nait/IT/chain/nftsmarketplace/contracts/test/BasicNft.sol","s":{"1":15,"2":15,"3":0,"4":0,"5":0},"b":{"1":[0,0]},"f":{"1":3,"2":15,"3":0,"4":0},"fnMap":{"1":{"name":"constructor","line":13,"loc":{"start":{"line":13,"column":4},"end":{"line":15,"column":4}}},"2":{"name":"mintNft","line":17,"loc":{"start":{"line":17,"column":4},"end":{"line":21,"column":4}}},"3":{"name":"tokenURI","line":23,"loc":{"start":{"line":23,"column":4},"end":{"line":26,"column":4}}},"4":{"name":"getTokenCounter","line":28,"loc":{"start":{"line":28,"column":4},"end":{"line":30,"column":4}}}},"statementMap":{"1":{"start":{"line":18,"column":8},"end":{"line":18,"column":44}},"2":{"start":{"line":19,"column":8},"end":{"line":19,"column":38}},"3":{"start":{"line":24,"column":8},"end":{"line":24,"column":83}},"4":{"start":{"line":25,"column":8},"end":{"line":25,"column":24}},"5":{"start":{"line":29,"column":8},"end":{"line":29,"column":29}}},"branchMap":{"1":{"line":24,"type":"if","locations":[{"start":{"line":24,"column":8},"end":{"line":24,"column":8}},{"start":{"line":24,"column":8},"end":{"line":24,"column":8}}]}}},"contracts/test/MockV3Aggregator.sol":{"l":{},"path":"/home/nait/IT/chain/nftsmarketplace/contracts/test/MockV3Aggregator.sol","s":{},"b":{},"f":{},"fnMap":{},"statementMap":{},"branchMap":{}},"contracts/test/RandomIpsNft.sol":{"l":{"55":0,"56":0,"57":0,"58":0,"59":0,"60":0,"64":0,"65":0,"67":0,"75":0,"76":0,"80":0,"81":0,"82":0,"83":0,"84":0,"85":0,"86":0,"87":0,"91":0,"95":0,"96":0,"98":0,"99":0,"103":0,"104":0,"105":0,"109":0,"110":0,"112":0,"114":0,"118":0,"119":0,"120":0,"121":0,"126":0,"130":0,"134":0,"138":0},"path":"/home/nait/IT/chain/nftsmarketplace/contracts/test/RandomIpsNft.sol","s":{"1":0,"2":0,"3":0,"4":0,"5":0,"6":0,"7":0,"8":0,"9":0,"10":0,"11":0,"12":0,"13":0,"14":0,"15":0,"16":0,"17":0,"18":0,"19":0,"20":0,"21":0,"22":0,"23":0,"24":0},"b":{"1":[0,0],"2":[0,0],"3":[0,0],"4":[0,0],"5":[0,0]},"f":{"1":0,"2":0,"3":0,"4":0,"5":0,"6":0,"7":0,"8":0,"9":0,"10":0,"11":0},"fnMap":{"1":{"name":"constructor","line":54,"loc":{"start":{"line":47,"column":4},"end":{"line":61,"column":4}}},"2":{"name":"requestNft","line":63,"loc":{"start":{"line":63,"column":4},"end":{"line":77,"column":4}}},"3":{"name":"fulfillRandomWords","line":79,"loc":{"start":{"line":79,"column":4},"end":{"line":88,"column":4}}},"4":{"name":"getChanceArray","line":90,"loc":{"start":{"line":90,"column":4},"end":{"line":92,"column":4}}},"5":{"name":"_initializeContract","line":94,"loc":{"start":{"line":94,"column":4},"end":{"line":100,"column":4}}},"6":{"name":"getBreedFromModdedRng","line":102,"loc":{"start":{"line":102,"column":4},"end":{"line":115,"column":4}}},"7":{"name":"withdraw","line":117,"loc":{"start":{"line":117,"column":4},"end":{"line":123,"column":4}}},"8":{"name":"getMintFee","line":125,"loc":{"start":{"line":125,"column":4},"end":{"line":127,"column":4}}},"9":{"name":"getDogTokenUris","line":129,"loc":{"start":{"line":129,"column":4},"end":{"line":131,"column":4}}},"10":{"name":"getInitialized","line":133,"loc":{"start":{"line":133,"column":4},"end":{"line":135,"column":4}}},"11":{"name":"getTokenCounter","line":137,"loc":{"start":{"line":137,"column":4},"end":{"line":139,"column":4}}}},"statementMap":{"1":{"start":{"line":60,"column":8},"end":{"line":60,"column":40}},"2":{"start":{"line":64,"column":8},"end":{"line":64,"column":2213}},"3":{"start":{"line":76,"column":8},"end":{"line":76,"column":48}},"4":{"start":{"line":80,"column":8},"end":{"line":80,"column":57}},"5":{"start":{"line":81,"column":8},"end":{"line":81,"column":42}},"6":{"start":{"line":83,"column":8},"end":{"line":83,"column":61}},"7":{"start":{"line":84,"column":8},"end":{"line":84,"column":57}},"8":{"start":{"line":85,"column":8},"end":{"line":85,"column":37}},"9":{"start":{"line":86,"column":8},"end":{"line":86,"column":65}},"10":{"start":{"line":87,"column":8},"end":{"line":87,"column":42}},"11":{"start":{"line":91,"column":8},"end":{"line":91,"column":41}},"12":{"start":{"line":95,"column":8},"end":{"line":95,"column":3345}},"13":{"start":{"line":103,"column":8},"end":{"line":103,"column":33}},"14":{"start":{"line":104,"column":8},"end":{"line":104,"column":56}},"15":{"start":{"line":105,"column":8},"end":{"line":105,"column":3678}},"16":{"start":{"line":109,"column":12},"end":{"line":109,"column":3864}},"17":{"start":{"line":110,"column":16},"end":{"line":110,"column":31}},"18":{"start":{"line":118,"column":8},"end":{"line":118,"column":46}},"19":{"start":{"line":119,"column":8},"end":{"line":119,"column":70}},"20":{"start":{"line":120,"column":8},"end":{"line":120,"column":4238}},"21":{"start":{"line":126,"column":8},"end":{"line":126,"column":24}},"22":{"start":{"line":130,"column":8},"end":{"line":130,"column":36}},"23":{"start":{"line":134,"column":8},"end":{"line":134,"column":28}},"24":{"start":{"line":138,"column":8},"end":{"line":138,"column":29}}},"branchMap":{"1":{"line":64,"type":"if","locations":[{"start":{"line":64,"column":8},"end":{"line":64,"column":8}},{"start":{"line":64,"column":8},"end":{"line":64,"column":8}}]},"2":{"line":95,"type":"if","locations":[{"start":{"line":95,"column":8},"end":{"line":95,"column":8}},{"start":{"line":95,"column":8},"end":{"line":95,"column":8}}]},"3":{"line":109,"type":"if","locations":[{"start":{"line":109,"column":12},"end":{"line":109,"column":12}},{"start":{"line":109,"column":12},"end":{"line":109,"column":12}}]},"4":{"line":117,"type":"if","locations":[{"start":{"line":117,"column":31},"end":{"line":117,"column":31}},{"start":{"line":117,"column":31},"end":{"line":117,"column":31}}]},"5":{"line":120,"type":"if","locations":[{"start":{"line":120,"column":8},"end":{"line":120,"column":8}},{"start":{"line":120,"column":8},"end":{"line":120,"column":8}}]}}}}