TN:
SF:/home/nait/IT/chain/nftsmarketplace/contracts/NftMarketplace.sol
FN:44,notListed
FN:56,isListed
FN:64,isOwner
FN:90,listItem
FN:110,cancelListing
FN:128,buyItem
FN:156,updateListing
FN:168,withdrawProceeds
FN:182,getListing
FN:190,getProceeds
FNF:10
FNH:10
FNDA:13,notListed
FNDA:9,isListed
FNDA:17,isOwner
FNDA:11,listItem
FNDA:1,cancelListing
FNDA:3,buyItem
FNDA:1,updateListing
FNDA:2,withdrawProceeds
FNDA:3,getListing
FNDA:2,getProceeds
DA:49,13
DA:50,13
DA:51,1
DA:53,12
DA:57,9
DA:58,9
DA:59,3
DA:61,6
DA:69,17
DA:70,17
DA:71,17
DA:72,3
DA:74,14
DA:91,11
DA:92,0
DA:94,11
DA:95,11
DA:96,1
DA:98,10
DA:99,10
DA:112,1
DA:113,1
DA:134,3
DA:135,3
DA:136,1
DA:138,2
DA:141,2
DA:142,2
DA:143,2
DA:158,1
DA:159,0
DA:161,1
DA:162,1
DA:169,2
DA:170,2
DA:171,1
DA:173,1
DA:174,1
DA:175,1
DA:187,3
DA:191,2
LF:41
LH:39
BRDA:50,1,0,1
BRDA:50,1,1,12
BRDA:58,2,0,3
BRDA:58,2,1,6
BRDA:71,3,0,3
BRDA:71,3,1,14
BRDA:90,4,0,12
BRDA:90,4,1,1
BRDA:90,5,0,11
BRDA:90,5,1,1
BRDA:91,6,0,0
BRDA:91,6,1,11
BRDA:95,7,0,1
BRDA:95,7,1,10
BRDA:109,8,0,2
BRDA:109,8,1,1
BRDA:110,9,0,1
BRDA:110,9,1,1
BRDA:127,10,0,3
BRDA:127,10,1,1
BRDA:128,11,0,3
BRDA:128,11,1,0
BRDA:135,12,0,1
BRDA:135,12,1,2
BRDA:156,13,0,2
BRDA:156,13,1,1
BRDA:156,14,0,2
BRDA:156,14,1,0
BRDA:156,15,0,1
BRDA:156,15,1,1
BRDA:158,16,0,0
BRDA:158,16,1,1
BRDA:170,17,0,1
BRDA:170,17,1,1
BRDA:175,18,0,1
BRDA:175,18,1,0
BRF:36
BRH:31
end_of_record
TN:
SF:/home/nait/IT/chain/nftsmarketplace/contracts/test/BasicNft.sol
FN:13,constructor
FN:17,mintNft
FN:23,tokenURI
FN:28,getTokenCounter
FNF:4
FNH:2
FNDA:3,constructor
FNDA:15,mintNft
FNDA:0,tokenURI
FNDA:0,getTokenCounter
DA:14,3
DA:18,15
DA:19,15
DA:20,15
DA:24,0
DA:25,0
DA:29,0
LF:7
LH:4
BRDA:24,1,0,0
BRDA:24,1,1,0
BRF:2
BRH:0
end_of_record
TN:
SF:/home/nait/IT/chain/nftsmarketplace/contracts/test/MockV3Aggregator.sol
FNF:0
FNH:0
LF:0
LH:0
BRF:0
BRH:0
end_of_record
TN:
SF:/home/nait/IT/chain/nftsmarketplace/contracts/test/RandomIpsNft.sol
FN:54,constructor
FN:63,requestNft
FN:79,fulfillRandomWords
FN:90,getChanceArray
FN:94,_initializeContract
FN:102,getBreedFromModdedRng
FN:117,withdraw
FN:125,getMintFee
FN:129,getDogTokenUris
FN:133,getInitialized
FN:137,getTokenCounter
FNF:11
FNH:0
FNDA:0,constructor
FNDA:0,requestNft
FNDA:0,fulfillRandomWords
FNDA:0,getChanceArray
FNDA:0,_initializeContract
FNDA:0,getBreedFromModdedRng
FNDA:0,withdraw
FNDA:0,getMintFee
FNDA:0,getDogTokenUris
FNDA:0,getInitialized
FNDA:0,getTokenCounter
DA:55,0
DA:56,0
DA:57,0
DA:58,0
DA:59,0
DA:60,0
DA:64,0
DA:65,0
DA:67,0
DA:75,0
DA:76,0
DA:80,0
DA:81,0
DA:82,0
DA:83,0
DA:84,0
DA:85,0
DA:86,0
DA:87,0
DA:91,0
DA:95,0
DA:96,0
DA:98,0
DA:99,0
DA:103,0
DA:104,0
DA:105,0
DA:109,0
DA:110,0
DA:112,0
DA:114,0
DA:118,0
DA:119,0
DA:120,0
DA:121,0
DA:126,0
DA:130,0
DA:134,0
DA:138,0
LF:39
LH:0
BRDA:64,1,0,0
BRDA:64,1,1,0
BRDA:95,2,0,0
BRDA:95,2,1,0
BRDA:109,3,0,0
BRDA:109,3,1,0
BRDA:117,4,0,0
BRDA:117,4,1,0
BRDA:120,5,0,0
BRDA:120,5,1,0
BRF:10
BRH:0
end_of_record
